<?xml version="1.0" encoding="UTF-8"?>
<!-- Generated by org.testng.reporters.JUnitXMLReporter -->
<testsuite ignored="0" hostname="TechEZone" failures="1" tests="2" name="firefoxtest_linux" time="61.353" errors="0" timestamp="2024-10-18T17:24:01 IST">
  <testcase classname="com.opencart.testcases.TC001_AccountRegistrationTest" name="veryfy_account_registration" time="2.281">
    <failure type="java.lang.AssertionError" message="null">
      <![CDATA[java.lang.AssertionError: null
at com.opencart.testcases.TC001_AccountRegistrationTest.veryfy_account_registration(TC001_AccountRegistrationTest.java:43)
at java.base/java.util.ArrayList.forEach(ArrayList.java:1511)
at java.base/java.util.concurrent.FutureTask.run(FutureTask.java:264)
at java.base/java.util.concurrent.ThreadPoolExecutor.runWorker(ThreadPoolExecutor.java:1136)
at java.base/java.util.concurrent.ThreadPoolExecutor$Worker.run(ThreadPoolExecutor.java:635)
at java.base/java.lang.Thread.run(Thread.java:833)
... Removed 17 stack frames]]>
    </failure>
  </testcase> <!-- veryfy_account_registration -->
  <testcase classname="com.opencart.testcases.TC002_LoginTest" name="verify_login" time="1.351"/>
</testsuite> <!-- firefoxtest_linux -->
